<?xml version="1.0" encoding="UTF-8"?>
<testng-results ignored="0" total="1" passed="1" failed="0" skipped="0">
  <reporter-output>
  </reporter-output>
  <suite started-at="2025-07-17T16:23:53 IST" name="Default suite" finished-at="2025-07-17T16:23:57 IST" duration-ms="4718">
    <groups>
    </groups>
    <test started-at="2025-07-17T16:23:53 IST" name="Default test" finished-at="2025-07-17T16:23:57 IST" duration-ms="4718">
      <class name="Set1.Httprequests">
        <test-method signature="getUser()[pri:0, instance:Set1.Httprequests@740cae06]" started-at="2025-07-17T16:23:53 IST" name="getUser" finished-at="2025-07-17T16:23:57 IST" duration-ms="4648" status="PASS">
          <reporter-output>
          </reporter-output>
        </test-method> <!-- getUser -->
      </class> <!-- Set1.Httprequests -->
    </test> <!-- Default test -->
  </suite> <!-- Default suite -->
</testng-results>
